<?xml version="1.0" encoding="UTF-8"?>
<testng-results ignored="0" total="1" passed="1" failed="0" skipped="0">
  <reporter-output>
    <line>
      <![CDATA[is good!!!]]>
    </line>
  </reporter-output>
  <suite started-at="2020-12-01T20:44:26 IST" name="Default suite" finished-at="2020-12-01T20:44:33 IST" duration-ms="7674">
    <groups>
    </groups>
    <test started-at="2020-12-01T20:44:26 IST" name="Default test" finished-at="2020-12-01T20:44:33 IST" duration-ms="7674">
      <class name="testNG1.NewTest">
        <test-method is-config="true" signature="beforeClass()[pri:0, instance:testNG1.NewTest@10959ece]" started-at="2020-12-01T20:44:26 IST" name="beforeClass" finished-at="2020-12-01T20:44:32 IST" duration-ms="5758" status="PASS">
          <reporter-output>
          </reporter-output>
        </test-method> <!-- beforeClass -->
        <test-method is-config="true" signature="beforeMethod()[pri:0, instance:testNG1.NewTest@10959ece]" started-at="2020-12-01T20:44:32 IST" name="beforeMethod" finished-at="2020-12-01T20:44:33 IST" duration-ms="978" status="PASS">
          <reporter-output>
          </reporter-output>
        </test-method> <!-- beforeMethod -->
        <test-method signature="test1()[pri:0, instance:testNG1.NewTest@10959ece]" started-at="2020-12-01T20:44:33 IST" name="test1" finished-at="2020-12-01T20:44:33 IST" duration-ms="256" status="PASS">
          <reporter-output>
            <line>
              <![CDATA[is good!!!]]>
            </line>
          </reporter-output>
        </test-method> <!-- test1 -->
        <test-method is-config="true" signature="afterMethod()[pri:0, instance:testNG1.NewTest@10959ece]" started-at="2020-12-01T20:44:33 IST" name="afterMethod" finished-at="2020-12-01T20:44:33 IST" duration-ms="0" status="PASS">
          <reporter-output>
          </reporter-output>
        </test-method> <!-- afterMethod -->
        <test-method is-config="true" signature="afterClass()[pri:0, instance:testNG1.NewTest@10959ece]" started-at="2020-12-01T20:44:33 IST" name="afterClass" finished-at="2020-12-01T20:44:33 IST" duration-ms="655" status="PASS">
          <reporter-output>
          </reporter-output>
        </test-method> <!-- afterClass -->
      </class> <!-- testNG1.NewTest -->
    </test> <!-- Default test -->
  </suite> <!-- Default suite -->
</testng-results>
